<?xml version="1.0" encoding="UTF-8"?>
<testng-results skipped="0" failed="0" total="1" passed="1">
  <reporter-output>
  </reporter-output>
  <suite name="ClaritasAutomation.AutomationClaritas.AppTest" duration-ms="16678" started-at="2017-11-23T00:01:42Z" finished-at="2017-11-23T00:01:58Z">
    <groups>
    </groups>
    <test name="Command line test" duration-ms="16678" started-at="2017-11-23T00:01:42Z" finished-at="2017-11-23T00:01:58Z">
      <class name="ClaritasAutomation.AutomationClaritas.AppTest">
        <test-method status="PASS" signature="testProgram()[pri:0, instance:ClaritasAutomation.AutomationClaritas.AppTest@aa5eb0]" name="testProgram" duration-ms="16660" started-at="2017-11-23T00:01:42Z" finished-at="2017-11-23T00:01:58Z">
        </test-method>
      </class>
    </test>
  </suite>
</testng-results>
