<?xml version="1.0" encoding="UTF-8"?>
<testng-results skipped="0" failed="0" total="1" passed="1">
  <reporter-output>
  </reporter-output>
  <suite name="Default suite" duration-ms="22390" started-at="2017-11-14T22:38:52Z" finished-at="2017-11-14T22:39:14Z">
    <groups>
    </groups>
    <test name="Default test" duration-ms="22390" started-at="2017-11-14T22:38:52Z" finished-at="2017-11-14T22:39:14Z">
      <class name="ClaritasAutomation.AutomationClaritas.AppTest">
        <test-method status="PASS" signature="testProgram()[pri:0, instance:ClaritasAutomation.AutomationClaritas.AppTest@1604f19]" name="testProgram" duration-ms="22358" started-at="2017-11-14T22:38:52Z" finished-at="2017-11-14T22:39:14Z">
        </test-method>
      </class>
    </test>
  </suite>
</testng-results>
