<?xml version="1.0" encoding="UTF-8"?>
<testng-results skipped="0" failed="0" total="1" passed="1">
  <reporter-output>
  </reporter-output>
  <suite name="Default suite" duration-ms="7602" started-at="2017-11-22T11:09:29Z" finished-at="2017-11-22T11:09:37Z">
    <groups>
    </groups>
    <test name="Default test" duration-ms="7602" started-at="2017-11-22T11:09:29Z" finished-at="2017-11-22T11:09:37Z">
      <class name="Maven.MavenProject.Maven">
        <test-method status="PASS" signature="google()[pri:0, instance:Maven.MavenProject.Maven@38203]" name="google" duration-ms="7561" started-at="2017-11-22T03:09:29Z" finished-at="2017-11-22T03:09:37Z">
          <reporter-output>
          </reporter-output>
        </test-method> <!-- google -->
      </class> <!-- Maven.MavenProject.Maven -->
    </test> <!-- Default test -->
  </suite> <!-- Default suite -->
</testng-results>
